<?xml version="1.0" encoding="UTF-8"?>
<!-- Generated by org.testng.reporters.JUnitReportReporter -->
<testsuite skipped="0" hostname="DESKTOP-MV1QU6N" name="project1.assignment.Project1TestCase" tests="2" failures="0" timestamp="07 Dec 2017 14:17:40 GMT" time="14.664" errors="0">
  <testcase name="openBrowser" time="13.038" classname="project1.assignment.Project1TestCase"/>
  <testcase name="loginToPhP" time="1.626" classname="project1.assignment.Project1TestCase"/>
</testsuite> <!-- project1.assignment.Project1TestCase -->
